Drill report for /Users/capogreco/Documents/keeb/iso_40/iso_40.kicad_pcb
Created on Wednesday, 22 July 2020 at 01:46:52 am

Copper Layer Stackup:
    =============================================================
    L1 :  F.Cu                      front
    L2 :  B.Cu                      back


Drill file 'iso_40-PTH.drl' contains
    plated through holes:
    =============================================================
    T1  0.40mm  0.016"  (71 holes)
    T2  0.70mm  0.028"  (4 holes)  (with 4 slots)
    T3  1.04mm  0.041"  (2 holes)
    T4  1.47mm  0.058"  (80 holes)

    Total plated holes count 157


Drill file 'iso_40-NPTH.drl' contains
    unplated through holes:
    =============================================================
    T1  1.75mm  0.069"  (80 holes)
    T2  3.05mm  0.120"  (4 holes)
    T3  3.99mm  0.157"  (44 holes)

    Total unplated holes count 128
